TN:
SF:/Users/elvisskozdopolj/Documents/TOB/echidna-auto-poc/tests/src/BasicTypes.sol
DA:7,0
DA:17,0
DA:18,0
DA:21,0
DA:22,0
DA:23,0
DA:30,0
DA:32,0
DA:33,0
DA:36,0
DA:37,0
DA:42,0
DA:43,0
DA:44,0
DA:51,0
DA:53,0
DA:54,0
DA:57,0
DA:58,0
DA:59,0
DA:63,0
DA:64,0
DA:65,0
DA:69,0
DA:70,0
DA:71,0
DA:79,0
DA:80,0
DA:81,0
DA:84,0
DA:85,0
DA:86,0
DA:94,0
DA:95,0
DA:96,0
DA:99,0
DA:100,0
DA:112,0
DA:113,0
DA:114,0
DA:117,0
DA:118,0
DA:123,0
DA:124,0
DA:125,0
DA:138,0
DA:139,0
DA:140,0
DA:141,0
DA:142,0
DA:143,0
DA:144,0
DA:147,0
DA:148,0
DA:149,0
end_of_record

SF:/Users/elvisskozdopolj/Documents/TOB/echidna-auto-poc/tests/src/DynamicArrays.sol
DA:5,89
DA:12,11
DA:13,12
DA:14,66
DA:18,5
DA:19,1
DA:20,13
DA:21,38
DA:22,9
DA:35,11
DA:36,12
DA:37,43
DA:41,5
DA:42,1
DA:43,14
DA:44,25
DA:47,12
DA:57,15
DA:58,14
DA:59,43
DA:63,5
DA:64,1
DA:65,14
DA:66,25
DA:69,18
DA:70,3
DA:79,11
DA:80,12
DA:81,52
DA:85,5
DA:86,1
DA:88,13
DA:89,26
DA:90,9
DA:103,11
DA:104,13
DA:105,43
DA:109,7
DA:110,1
DA:111,15
DA:112,31
DA:113,9
DA:116,6
DA:117,4
DA:126,11
DA:127,13
DA:128,43
DA:132,5
DA:133,1
DA:134,13
DA:135,31
DA:136,9
end_of_record

SF:/Users/elvisskozdopolj/Documents/TOB/echidna-auto-poc/tests/src/FixedArrays.sol
DA:5,0
DA:12,0
DA:13,0
DA:14,0
DA:18,0
DA:19,0
DA:20,0
DA:28,0
DA:29,0
DA:30,0
DA:34,0
DA:35,0
DA:36,0
DA:37,0
DA:48,0
DA:49,0
DA:50,0
DA:54,0
DA:55,0
DA:56,0
DA:57,0
DA:59,0
DA:60,0
DA:69,0
DA:70,0
DA:71,0
DA:75,0
DA:76,0
DA:78,0
DA:79,0
DA:80,0
DA:84,0
DA:85,0
DA:93,0
DA:94,0
DA:95,0
DA:99,0
DA:100,0
DA:101,0
DA:109,0
DA:110,0
DA:111,0
DA:115,0
DA:116,0
end_of_record

SF:/Users/elvisskozdopolj/Documents/TOB/echidna-auto-poc/tests/src/TimeAdvancement.sol
DA:4,0
DA:14,0
DA:15,0
DA:16,0
DA:19,0
DA:20,0
DA:21,0
DA:28,0
DA:29,0
DA:30,0
DA:33,0
DA:34,0
DA:35,0
DA:43,0
DA:44,0
DA:45,0
end_of_record

SF:/Users/elvisskozdopolj/Documents/TOB/echidna-auto-poc/tests/src/TupleTypes.sol
end_of_record

