TN:
SF:/Users/elvisskozdopolj/Documents/TOB/echidna-auto-poc/tests/src/BasicTypes.sol
DA:7,126
DA:17,11
DA:18,13
DA:21,5
DA:22,7
DA:23,3
DA:30,0
DA:32,9
DA:33,2
DA:36,5
DA:37,8
DA:42,5
DA:43,5
DA:44,3
DA:51,0
DA:53,9
DA:54,2
DA:57,5
DA:58,13
DA:59,3
DA:63,5
DA:64,5
DA:65,3
DA:69,6
DA:70,5
DA:71,4
DA:79,12
DA:80,9
DA:81,14
DA:84,5
DA:85,6
DA:86,3
DA:93,0
DA:95,13
DA:96,11
DA:97,8
DA:100,5
DA:101,8
DA:106,5
DA:107,35
DA:108,0
DA:118,11
DA:119,11
DA:120,6
DA:123,5
DA:124,15
DA:125,3
DA:129,12
DA:130,4
DA:131,2
end_of_record

SF:/Users/elvisskozdopolj/Documents/TOB/echidna-auto-poc/tests/src/DynamicArrays.sol
DA:3,0
DA:6,0
DA:7,0
DA:8,0
DA:12,0
DA:13,0
DA:14,0
DA:15,0
DA:18,0
DA:19,0
end_of_record

SF:/Users/elvisskozdopolj/Documents/TOB/echidna-auto-poc/tests/src/FixedArrays.sol
DA:3,0
DA:8,0
DA:9,0
DA:10,0
DA:14,0
DA:15,0
DA:16,0
DA:28,0
DA:29,0
DA:30,0
DA:31,0
DA:33,0
DA:34,0
DA:38,0
DA:39,0
DA:40,0
end_of_record

SF:/Users/elvisskozdopolj/Documents/TOB/echidna-auto-poc/tests/src/TimeAdvancement.sol
DA:4,0
DA:14,0
DA:15,0
DA:16,0
DA:19,0
DA:20,0
DA:21,0
DA:28,0
DA:29,0
DA:30,0
DA:33,0
DA:34,0
DA:35,0
DA:43,0
DA:44,0
DA:45,0
end_of_record

SF:/Users/elvisskozdopolj/Documents/TOB/echidna-auto-poc/tests/src/TupleTypes.sol
end_of_record

