TN:
SF:/Users/elvisskozdopolj/Documents/GitHub/test-generator/test/lib/forge-std/src/Base.sol
DA:1,0
DA:9,0
end_of_record

SF:/Users/elvisskozdopolj/Documents/GitHub/test-generator/test/lib/forge-std/src/Script.sol
DA:26,0
end_of_record

SF:/Users/elvisskozdopolj/Documents/GitHub/test-generator/test/lib/forge-std/src/StdChains.sol
DA:66,0
end_of_record

SF:/Users/elvisskozdopolj/Documents/GitHub/test-generator/test/lib/forge-std/src/StdCheats.sol
end_of_record

SF:/Users/elvisskozdopolj/Documents/GitHub/test-generator/test/lib/forge-std/src/StdJson.sol
DA:29,0
end_of_record

SF:/Users/elvisskozdopolj/Documents/GitHub/test-generator/test/lib/forge-std/src/StdMath.sol
DA:4,0
end_of_record

SF:/Users/elvisskozdopolj/Documents/GitHub/test-generator/test/lib/forge-std/src/StdStorage.sol
DA:16,0
DA:234,0
end_of_record

SF:/Users/elvisskozdopolj/Documents/GitHub/test-generator/test/lib/forge-std/src/StdStyle.sol
DA:6,0
end_of_record

SF:/Users/elvisskozdopolj/Documents/GitHub/test-generator/test/lib/forge-std/src/StdUtils.sol
end_of_record

SF:/Users/elvisskozdopolj/Documents/GitHub/test-generator/test/lib/forge-std/src/Vm.sol
end_of_record

SF:/Users/elvisskozdopolj/Documents/GitHub/test-generator/test/lib/forge-std/src/console.sol
DA:4,0
end_of_record

SF:/Users/elvisskozdopolj/Documents/GitHub/test-generator/test/lib/forge-std/src/console2.sol
DA:9,0
end_of_record

SF:/Users/elvisskozdopolj/Documents/GitHub/test-generator/test/lib/forge-std/src/interfaces/IMulticall3.sol
end_of_record

SF:/Users/elvisskozdopolj/Documents/GitHub/test-generator/test/lib/forge-std/src/mocks/MockERC20.sol
DA:6,0
DA:19,0
DA:21,0
DA:23,0
DA:29,0
DA:31,0
DA:33,0
DA:43,0
DA:54,0
DA:55,0
DA:57,0
DA:58,0
DA:59,0
DA:61,0
DA:62,0
DA:64,0
DA:71,0
DA:72,0
DA:74,0
DA:76,0
DA:79,0
DA:80,0
DA:81,0
DA:83,0
DA:88,0
DA:89,0
DA:91,0
DA:93,0
DA:94,0
DA:96,0
DA:98,0
DA:105,0
DA:108,0
DA:109,0
DA:111,0
DA:112,0
DA:113,0
DA:115,0
DA:116,0
DA:117,0
DA:118,0
DA:121,0
DA:122,0
DA:123,0
DA:124,0
DA:135,0
DA:137,0
DA:139,0
DA:142,0
DA:143,0
DA:146,0
DA:147,0
DA:148,0
DA:149,0
DA:150,0
DA:151,0
DA:152,0
DA:153,0
DA:180,0
DA:181,0
DA:182,0
DA:186,0
DA:187,0
DA:188,0
DA:199,0
DA:202,0
DA:208,0
DA:209,0
DA:214,0
end_of_record

SF:/Users/elvisskozdopolj/Documents/GitHub/test-generator/test/lib/forge-std/src/mocks/MockERC721.sol
DA:6,0
DA:21,0
DA:23,0
DA:25,0
DA:35,0
DA:36,0
DA:39,0
DA:40,0
DA:42,0
DA:49,0
DA:51,0
DA:62,0
DA:63,0
DA:65,0
DA:66,0
DA:68,0
DA:75,0
DA:76,0
DA:78,0
DA:80,0
DA:82,0
DA:85,0
DA:86,0
DA:88,0
DA:91,0
DA:92,0
DA:94,0
DA:96,0
DA:97,0
DA:102,0
DA:104,0
DA:106,0
DA:108,0
DA:110,0
DA:113,0
DA:114,0
DA:116,0
DA:117,0
DA:118,0
DA:119,0
DA:124,0
DA:125,0
DA:127,0
DA:128,0
DA:129,0
DA:130,0
DA:139,0
DA:140,0
DA:141,0
DA:142,0
DA:212,0
DA:215,0
end_of_record

SF:/Users/elvisskozdopolj/Documents/GitHub/test-generator/test/lib/forge-std/src/safeconsole.sol
DA:6,0
end_of_record

SF:/Users/elvisskozdopolj/Documents/GitHub/test-generator/test/script/Counter.s.sol
DA:6,0
DA:7,0
DA:9,0
DA:10,0
end_of_record

SF:/Users/elvisskozdopolj/Documents/GitHub/test-generator/test/src/BasicTypes.sol
DA:5,0
DA:12,0
DA:13,0
DA:16,0
DA:17,0
DA:18,0
DA:25,0
DA:27,0
DA:28,0
DA:31,0
DA:32,0
DA:37,0
DA:38,0
DA:39,0
DA:46,0
DA:48,0
DA:49,0
DA:52,0
DA:53,0
DA:54,0
DA:58,0
DA:59,0
DA:60,0
DA:64,0
DA:65,0
DA:66,0
DA:74,0
DA:75,0
DA:76,0
DA:79,0
DA:80,0
DA:81,0
DA:89,0
DA:90,0
DA:91,0
DA:94,0
DA:95,0
DA:107,0
DA:108,0
DA:109,0
DA:112,0
DA:113,0
DA:118,0
DA:119,0
DA:120,0
DA:123,0
DA:124,0
DA:125,0
DA:139,0
DA:140,0
DA:141,0
DA:142,0
DA:143,0
DA:144,0
DA:145,0
DA:148,0
DA:149,0
DA:150,0
end_of_record

SF:/Users/elvisskozdopolj/Documents/GitHub/test-generator/test/src/DynamicArrays.sol
DA:5,0
DA:12,0
DA:13,0
DA:14,0
DA:18,0
DA:19,0
DA:20,0
DA:21,0
DA:22,0
DA:35,0
DA:36,0
DA:37,0
DA:41,0
DA:42,0
DA:43,0
DA:44,0
DA:47,0
DA:57,0
DA:58,0
DA:59,0
DA:63,0
DA:64,0
DA:65,0
DA:66,0
DA:69,0
DA:70,0
DA:79,0
DA:80,0
DA:81,0
DA:85,0
DA:86,0
DA:88,0
DA:89,0
DA:90,0
DA:103,0
DA:104,0
DA:105,0
DA:109,0
DA:110,0
DA:111,0
DA:112,0
DA:113,0
DA:116,0
DA:117,0
DA:126,0
DA:127,0
DA:128,0
DA:132,0
DA:133,0
DA:134,0
DA:135,0
DA:136,0
end_of_record

SF:/Users/elvisskozdopolj/Documents/GitHub/test-generator/test/src/FixedArrays.sol
DA:5,0
DA:12,0
DA:13,0
DA:14,0
DA:18,0
DA:19,0
DA:20,0
DA:28,0
DA:29,0
DA:30,0
DA:34,0
DA:35,0
DA:36,0
DA:37,0
DA:48,0
DA:49,0
DA:50,0
DA:54,0
DA:55,0
DA:56,0
DA:57,0
DA:59,0
DA:60,0
DA:69,0
DA:70,0
DA:71,0
DA:75,0
DA:76,0
DA:78,0
DA:79,0
DA:80,0
DA:84,0
DA:85,0
DA:93,0
DA:94,0
DA:95,0
DA:99,0
DA:100,0
DA:101,0
DA:109,0
DA:110,0
DA:111,0
DA:115,0
DA:116,0
end_of_record

SF:/Users/elvisskozdopolj/Documents/GitHub/test-generator/test/src/IStruct.sol
end_of_record

SF:/Users/elvisskozdopolj/Documents/GitHub/test-generator/test/src/MultiDimensionalDynamicArrays.sol
DA:5,0
DA:13,0
DA:14,0
DA:15,0
DA:19,0
DA:20,0
DA:21,0
DA:22,0
DA:23,0
DA:24,0
DA:29,0
DA:30,0
DA:39,0
DA:40,0
DA:41,0
DA:45,0
DA:46,0
DA:47,0
DA:48,0
DA:49,0
DA:52,0
DA:53,0
DA:62,0
DA:63,0
DA:64,0
DA:68,0
DA:69,0
DA:70,0
DA:71,0
DA:72,0
DA:75,0
DA:76,0
DA:85,0
DA:86,0
DA:87,0
DA:91,0
DA:92,0
DA:94,0
DA:95,0
DA:96,0
DA:97,0
DA:102,0
DA:103,0
DA:112,0
DA:113,0
DA:114,0
DA:118,0
DA:119,0
DA:120,0
DA:121,0
DA:122,0
DA:123,0
DA:127,0
DA:128,0
DA:137,0
DA:138,0
DA:139,0
DA:143,0
DA:144,0
DA:145,0
DA:146,0
DA:147,0
DA:148,0
DA:153,0
DA:154,0
end_of_record

SF:/Users/elvisskozdopolj/Documents/GitHub/test-generator/test/src/MultiDimensionalFixedArrays.sol
DA:5,0
DA:13,0
DA:14,0
DA:15,0
DA:19,0
DA:20,0
DA:21,0
DA:22,0
DA:23,0
DA:24,0
DA:29,0
DA:30,0
DA:39,0
DA:40,0
DA:41,0
DA:45,0
DA:46,0
DA:47,0
DA:48,0
DA:49,0
DA:52,0
DA:53,0
DA:62,0
DA:63,0
DA:64,0
DA:68,0
DA:69,0
DA:70,0
DA:71,0
DA:72,0
DA:75,0
DA:76,0
DA:85,0
DA:86,0
DA:87,0
DA:91,0
DA:92,0
DA:94,0
DA:95,0
DA:96,0
DA:97,0
DA:102,0
DA:103,0
DA:112,0
DA:113,0
DA:114,0
DA:118,0
DA:119,0
DA:120,0
DA:121,0
DA:122,0
DA:123,0
DA:127,0
DA:128,0
DA:137,0
DA:138,0
DA:139,0
DA:143,0
DA:144,0
DA:145,0
DA:146,0
DA:147,0
DA:148,0
DA:153,0
DA:154,0
end_of_record

SF:/Users/elvisskozdopolj/Documents/GitHub/test-generator/test/src/TimeAdvancement.sol
DA:6,0
DA:16,0
DA:17,0
DA:18,0
DA:21,0
DA:22,0
DA:23,0
DA:30,0
DA:31,0
DA:32,0
DA:35,0
DA:36,0
DA:37,0
DA:45,0
DA:46,0
DA:47,0
end_of_record

SF:/Users/elvisskozdopolj/Documents/GitHub/test-generator/test/src/TupleTypes.sol
DA:7,89
DA:45,12
DA:46,49
DA:49,5
DA:50,149
DA:51,3
DA:52,21
DA:53,6
DA:54,7
DA:55,4
DA:57,3
DA:64,12
DA:65,64
DA:68,5
DA:69,168
DA:70,2
DA:71,24
DA:72,6
DA:73,8
DA:74,5
DA:75,5
DA:77,3
DA:84,11
DA:85,13
DA:88,5
DA:89,53
DA:90,1
DA:91,12
DA:92,20
DA:93,9
DA:105,12
DA:106,20
DA:109,8
DA:110,75
DA:111,1
DA:112,15
DA:113,24
DA:114,9
DA:118,4
DA:119,4
DA:127,13
DA:128,21
DA:131,6
DA:132,15
DA:133,4
DA:140,9
DA:141,20
DA:144,9
DA:145,24
DA:146,3
DA:147,8
DA:148,4
DA:150,4
end_of_record

