TN:
SF:/Users/elvisskozdopolj/Documents/GitHub/test-generator/tests/test_data/lib/forge-std/src/Base.sol
DA:1,0
DA:9,0
end_of_record

SF:/Users/elvisskozdopolj/Documents/GitHub/test-generator/tests/test_data/lib/forge-std/src/Script.sol
DA:26,0
end_of_record

SF:/Users/elvisskozdopolj/Documents/GitHub/test-generator/tests/test_data/lib/forge-std/src/StdChains.sol
DA:66,0
end_of_record

SF:/Users/elvisskozdopolj/Documents/GitHub/test-generator/tests/test_data/lib/forge-std/src/StdCheats.sol
end_of_record

SF:/Users/elvisskozdopolj/Documents/GitHub/test-generator/tests/test_data/lib/forge-std/src/StdJson.sol
DA:29,0
end_of_record

SF:/Users/elvisskozdopolj/Documents/GitHub/test-generator/tests/test_data/lib/forge-std/src/StdMath.sol
DA:4,0
end_of_record

SF:/Users/elvisskozdopolj/Documents/GitHub/test-generator/tests/test_data/lib/forge-std/src/StdStorage.sol
DA:16,0
DA:234,0
end_of_record

SF:/Users/elvisskozdopolj/Documents/GitHub/test-generator/tests/test_data/lib/forge-std/src/StdStyle.sol
DA:6,0
end_of_record

SF:/Users/elvisskozdopolj/Documents/GitHub/test-generator/tests/test_data/lib/forge-std/src/StdUtils.sol
end_of_record

SF:/Users/elvisskozdopolj/Documents/GitHub/test-generator/tests/test_data/lib/forge-std/src/Vm.sol
end_of_record

SF:/Users/elvisskozdopolj/Documents/GitHub/test-generator/tests/test_data/lib/forge-std/src/console.sol
DA:4,0
end_of_record

SF:/Users/elvisskozdopolj/Documents/GitHub/test-generator/tests/test_data/lib/forge-std/src/console2.sol
DA:9,0
end_of_record

SF:/Users/elvisskozdopolj/Documents/GitHub/test-generator/tests/test_data/lib/forge-std/src/interfaces/IMulticall3.sol
end_of_record

SF:/Users/elvisskozdopolj/Documents/GitHub/test-generator/tests/test_data/lib/forge-std/src/mocks/MockERC20.sol
DA:6,0
DA:19,0
DA:21,0
DA:23,0
DA:29,0
DA:31,0
DA:33,0
DA:43,0
DA:54,0
DA:55,0
DA:57,0
DA:58,0
DA:59,0
DA:61,0
DA:62,0
DA:64,0
DA:71,0
DA:72,0
DA:74,0
DA:76,0
DA:79,0
DA:80,0
DA:81,0
DA:83,0
DA:88,0
DA:89,0
DA:91,0
DA:93,0
DA:94,0
DA:96,0
DA:98,0
DA:105,0
DA:108,0
DA:109,0
DA:111,0
DA:112,0
DA:113,0
DA:115,0
DA:116,0
DA:117,0
DA:118,0
DA:121,0
DA:122,0
DA:123,0
DA:124,0
DA:135,0
DA:137,0
DA:139,0
DA:142,0
DA:143,0
DA:146,0
DA:147,0
DA:148,0
DA:149,0
DA:150,0
DA:151,0
DA:152,0
DA:153,0
DA:180,0
DA:181,0
DA:182,0
DA:186,0
DA:187,0
DA:188,0
DA:199,0
DA:202,0
DA:208,0
DA:209,0
DA:214,0
end_of_record

SF:/Users/elvisskozdopolj/Documents/GitHub/test-generator/tests/test_data/lib/forge-std/src/mocks/MockERC721.sol
DA:6,0
DA:21,0
DA:23,0
DA:25,0
DA:35,0
DA:36,0
DA:39,0
DA:40,0
DA:42,0
DA:49,0
DA:51,0
DA:62,0
DA:63,0
DA:65,0
DA:66,0
DA:68,0
DA:75,0
DA:76,0
DA:78,0
DA:80,0
DA:82,0
DA:85,0
DA:86,0
DA:88,0
DA:91,0
DA:92,0
DA:94,0
DA:96,0
DA:97,0
DA:102,0
DA:104,0
DA:106,0
DA:108,0
DA:110,0
DA:113,0
DA:114,0
DA:116,0
DA:117,0
DA:118,0
DA:119,0
DA:124,0
DA:125,0
DA:127,0
DA:128,0
DA:129,0
DA:130,0
DA:139,0
DA:140,0
DA:141,0
DA:142,0
DA:212,0
DA:215,0
end_of_record

SF:/Users/elvisskozdopolj/Documents/GitHub/test-generator/tests/test_data/lib/forge-std/src/safeconsole.sol
DA:6,0
end_of_record

SF:/Users/elvisskozdopolj/Documents/GitHub/test-generator/tests/test_data/script/Counter.s.sol
DA:6,0
DA:7,0
DA:9,0
DA:10,0
end_of_record

SF:/Users/elvisskozdopolj/Documents/GitHub/test-generator/tests/test_data/src/BasicTypes.sol
DA:5,131
DA:12,9
DA:13,13
DA:16,5
DA:17,7
DA:18,3
DA:25,0
DA:27,9
DA:28,2
DA:31,5
DA:32,8
DA:37,5
DA:38,5
DA:39,3
DA:46,0
DA:48,9
DA:49,2
DA:52,5
DA:53,13
DA:54,3
DA:58,5
DA:59,5
DA:60,3
DA:64,5
DA:65,5
DA:66,3
DA:74,12
DA:75,9
DA:76,14
DA:79,5
DA:80,6
DA:81,3
DA:89,13
DA:90,11
DA:91,8
DA:94,5
DA:95,8
DA:100,13
DA:101,11
DA:102,27
DA:103,4
DA:114,11
DA:115,11
DA:116,6
DA:119,5
DA:120,8
DA:147,18
DA:148,10
DA:149,4
DA:150,4
DA:151,9
DA:152,7
DA:153,8
DA:156,8
DA:157,73
DA:158,4
end_of_record

SF:/Users/elvisskozdopolj/Documents/GitHub/test-generator/tests/test_data/src/DynamicArrays.sol
DA:5,0
DA:12,0
DA:13,0
DA:14,0
DA:18,0
DA:19,0
DA:20,0
DA:21,0
DA:22,0
DA:35,0
DA:36,0
DA:37,0
DA:41,0
DA:42,0
DA:43,0
DA:44,0
DA:47,0
DA:57,0
DA:58,0
DA:59,0
DA:63,0
DA:64,0
DA:65,0
DA:66,0
DA:69,0
DA:70,0
DA:79,0
DA:80,0
DA:81,0
DA:85,0
DA:86,0
DA:88,0
DA:89,0
DA:90,0
DA:103,0
DA:104,0
DA:105,0
DA:109,0
DA:110,0
DA:111,0
DA:112,0
DA:113,0
DA:116,0
DA:117,0
DA:126,0
DA:127,0
DA:128,0
DA:132,0
DA:133,0
DA:134,0
DA:135,0
DA:136,0
end_of_record

SF:/Users/elvisskozdopolj/Documents/GitHub/test-generator/tests/test_data/src/FixedArrays.sol
DA:5,0
DA:12,0
DA:13,0
DA:14,0
DA:18,0
DA:19,0
DA:20,0
DA:28,0
DA:29,0
DA:30,0
DA:34,0
DA:35,0
DA:36,0
DA:37,0
DA:48,0
DA:49,0
DA:50,0
DA:54,0
DA:55,0
DA:56,0
DA:57,0
DA:59,0
DA:60,0
DA:69,0
DA:70,0
DA:71,0
DA:75,0
DA:76,0
DA:78,0
DA:79,0
DA:80,0
DA:84,0
DA:85,0
DA:93,0
DA:94,0
DA:95,0
DA:99,0
DA:100,0
DA:101,0
DA:109,0
DA:110,0
DA:111,0
DA:115,0
DA:116,0
end_of_record

SF:/Users/elvisskozdopolj/Documents/GitHub/test-generator/tests/test_data/src/IStruct.sol
end_of_record

SF:/Users/elvisskozdopolj/Documents/GitHub/test-generator/tests/test_data/src/MultiDimensionalDynamicArrays.sol
DA:5,0
DA:13,0
DA:14,0
DA:15,0
DA:19,0
DA:20,0
DA:21,0
DA:22,0
DA:23,0
DA:24,0
DA:29,0
DA:30,0
DA:39,0
DA:40,0
DA:41,0
DA:45,0
DA:46,0
DA:47,0
DA:48,0
DA:49,0
DA:52,0
DA:53,0
DA:62,0
DA:63,0
DA:64,0
DA:68,0
DA:69,0
DA:70,0
DA:71,0
DA:72,0
DA:75,0
DA:76,0
DA:85,0
DA:86,0
DA:87,0
DA:91,0
DA:92,0
DA:94,0
DA:95,0
DA:96,0
DA:97,0
DA:102,0
DA:103,0
DA:112,0
DA:113,0
DA:114,0
DA:118,0
DA:119,0
DA:120,0
DA:121,0
DA:122,0
DA:123,0
DA:127,0
DA:128,0
DA:137,0
DA:138,0
DA:139,0
DA:143,0
DA:144,0
DA:145,0
DA:146,0
DA:147,0
DA:148,0
DA:153,0
DA:154,0
end_of_record

SF:/Users/elvisskozdopolj/Documents/GitHub/test-generator/tests/test_data/src/MultiDimensionalFixedArrays.sol
DA:5,0
DA:13,0
DA:14,0
DA:15,0
DA:19,0
DA:20,0
DA:21,0
DA:22,0
DA:23,0
DA:24,0
DA:29,0
DA:30,0
DA:39,0
DA:40,0
DA:41,0
DA:45,0
DA:46,0
DA:47,0
DA:48,0
DA:49,0
DA:52,0
DA:53,0
DA:62,0
DA:63,0
DA:64,0
DA:68,0
DA:69,0
DA:70,0
DA:71,0
DA:72,0
DA:75,0
DA:76,0
DA:85,0
DA:86,0
DA:87,0
DA:91,0
DA:92,0
DA:94,0
DA:95,0
DA:96,0
DA:97,0
DA:102,0
DA:103,0
DA:112,0
DA:113,0
DA:114,0
DA:118,0
DA:119,0
DA:120,0
DA:121,0
DA:122,0
DA:123,0
DA:127,0
DA:128,0
DA:137,0
DA:138,0
DA:139,0
DA:143,0
DA:144,0
DA:145,0
DA:146,0
DA:147,0
DA:148,0
DA:153,0
DA:154,0
end_of_record

SF:/Users/elvisskozdopolj/Documents/GitHub/test-generator/tests/test_data/src/TimeAdvancement.sol
DA:6,0
DA:16,0
DA:17,0
DA:18,0
DA:21,0
DA:22,0
DA:23,0
DA:30,0
DA:31,0
DA:32,0
DA:35,0
DA:36,0
DA:37,0
DA:45,0
DA:46,0
DA:47,0
end_of_record

SF:/Users/elvisskozdopolj/Documents/GitHub/test-generator/tests/test_data/src/TupleTypes.sol
DA:7,0
DA:45,0
DA:46,0
DA:49,0
DA:50,0
DA:51,0
DA:52,0
DA:53,0
DA:54,0
DA:55,0
DA:57,0
DA:64,0
DA:65,0
DA:68,0
DA:69,0
DA:70,0
DA:71,0
DA:72,0
DA:73,0
DA:74,0
DA:75,0
DA:77,0
DA:84,0
DA:85,0
DA:88,0
DA:89,0
DA:90,0
DA:91,0
DA:92,0
DA:93,0
DA:105,0
DA:106,0
DA:109,0
DA:110,0
DA:111,0
DA:112,0
DA:113,0
DA:114,0
DA:118,0
DA:119,0
DA:127,0
DA:128,0
DA:131,0
DA:132,0
DA:133,0
DA:140,0
DA:141,0
DA:144,0
DA:145,0
DA:146,0
DA:147,0
DA:148,0
DA:150,0
end_of_record

