TN:
SF:/Users/elvisskozdopolj/Documents/TOB/echidna-auto-poc/tests/src/BasicTypes.sol
DA:7,0
DA:17,0
DA:18,0
DA:21,0
DA:22,0
DA:23,0
DA:30,0
DA:32,0
DA:33,0
DA:36,0
DA:37,0
DA:42,0
DA:43,0
DA:44,0
DA:51,0
DA:53,0
DA:54,0
DA:57,0
DA:58,0
DA:59,0
DA:63,0
DA:64,0
DA:65,0
DA:69,0
DA:70,0
DA:71,0
DA:79,0
DA:80,0
DA:81,0
DA:84,0
DA:85,0
DA:86,0
DA:94,0
DA:95,0
DA:96,0
DA:99,0
DA:100,0
DA:112,0
DA:113,0
DA:114,0
DA:117,0
DA:118,0
DA:123,0
DA:124,0
DA:125,0
DA:138,0
DA:139,0
DA:140,0
DA:141,0
DA:142,0
DA:143,0
DA:144,0
DA:147,0
DA:148,0
DA:149,0
end_of_record

SF:/Users/elvisskozdopolj/Documents/TOB/echidna-auto-poc/tests/src/DynamicArrays.sol
DA:3,0
DA:6,0
DA:7,0
DA:8,0
DA:12,0
DA:13,0
DA:14,0
DA:15,0
DA:18,0
DA:19,0
end_of_record

SF:/Users/elvisskozdopolj/Documents/TOB/echidna-auto-poc/tests/src/FixedArrays.sol
DA:5,93
DA:12,11
DA:13,11
DA:14,51
DA:18,5
DA:19,31
DA:20,3
DA:28,11
DA:29,12
DA:30,22
DA:34,5
DA:35,1
DA:36,12
DA:37,17
DA:48,13
DA:49,14
DA:50,22
DA:54,7
DA:55,1
DA:56,14
DA:57,17
DA:59,5
DA:60,4
DA:69,11
DA:70,11
DA:71,34
DA:75,5
DA:76,2
DA:77,13
DA:78,16
DA:79,9
DA:83,5
DA:84,3
DA:92,11
DA:93,12
DA:94,28
DA:98,8
DA:99,37
DA:100,4
DA:108,11
DA:109,12
DA:110,28
DA:114,5
DA:115,23
end_of_record

SF:/Users/elvisskozdopolj/Documents/TOB/echidna-auto-poc/tests/src/TimeAdvancement.sol
DA:4,0
DA:14,0
DA:15,0
DA:16,0
DA:19,0
DA:20,0
DA:21,0
DA:28,0
DA:29,0
DA:30,0
DA:33,0
DA:34,0
DA:35,0
DA:43,0
DA:44,0
DA:45,0
end_of_record

SF:/Users/elvisskozdopolj/Documents/TOB/echidna-auto-poc/tests/src/TupleTypes.sol
end_of_record

