TN:
SF:/Users/elvisskozdopolj/Documents/TOB/echidna-auto-poc/test/lib/forge-std/lib/ds-test/src/test.sol
DA:1,0
DA:18,0
DA:38,0
DA:42,0
DA:47,0
DA:48,0
DA:49,0
DA:51,0
DA:52,0
DA:53,0
DA:54,0
DA:55,0
DA:56,0
DA:59,0
DA:61,0
DA:81,0
DA:83,0
end_of_record

SF:/Users/elvisskozdopolj/Documents/TOB/echidna-auto-poc/test/lib/forge-std/src/Base.sol
DA:9,0
end_of_record

SF:/Users/elvisskozdopolj/Documents/TOB/echidna-auto-poc/test/lib/forge-std/src/Script.sol
DA:26,0
end_of_record

SF:/Users/elvisskozdopolj/Documents/TOB/echidna-auto-poc/test/lib/forge-std/src/StdAssertions.sol
end_of_record

SF:/Users/elvisskozdopolj/Documents/TOB/echidna-auto-poc/test/lib/forge-std/src/StdChains.sol
DA:66,0
end_of_record

SF:/Users/elvisskozdopolj/Documents/TOB/echidna-auto-poc/test/lib/forge-std/src/StdCheats.sol
end_of_record

SF:/Users/elvisskozdopolj/Documents/TOB/echidna-auto-poc/test/lib/forge-std/src/StdError.sol
DA:5,0
DA:6,0
DA:7,0
DA:8,0
DA:9,0
DA:10,0
DA:11,0
DA:12,0
DA:13,0
DA:14,0
end_of_record

SF:/Users/elvisskozdopolj/Documents/TOB/echidna-auto-poc/test/lib/forge-std/src/StdInvariant.sol
DA:72,0
DA:73,0
DA:76,0
DA:77,0
DA:80,0
DA:81,0
DA:84,0
DA:85,0
DA:88,0
DA:89,0
DA:92,0
DA:93,0
DA:96,0
DA:97,0
DA:100,0
DA:101,0
DA:104,0
DA:105,0
end_of_record

SF:/Users/elvisskozdopolj/Documents/TOB/echidna-auto-poc/test/lib/forge-std/src/StdJson.sol
DA:29,0
end_of_record

SF:/Users/elvisskozdopolj/Documents/TOB/echidna-auto-poc/test/lib/forge-std/src/StdMath.sol
DA:4,0
end_of_record

SF:/Users/elvisskozdopolj/Documents/TOB/echidna-auto-poc/test/lib/forge-std/src/StdStorage.sol
DA:16,0
DA:234,0
end_of_record

SF:/Users/elvisskozdopolj/Documents/TOB/echidna-auto-poc/test/lib/forge-std/src/StdStyle.sol
DA:6,0
end_of_record

SF:/Users/elvisskozdopolj/Documents/TOB/echidna-auto-poc/test/lib/forge-std/src/StdUtils.sol
end_of_record

SF:/Users/elvisskozdopolj/Documents/TOB/echidna-auto-poc/test/lib/forge-std/src/Test.sol
end_of_record

SF:/Users/elvisskozdopolj/Documents/TOB/echidna-auto-poc/test/lib/forge-std/src/Vm.sol
end_of_record

SF:/Users/elvisskozdopolj/Documents/TOB/echidna-auto-poc/test/lib/forge-std/src/console.sol
DA:4,0
end_of_record

SF:/Users/elvisskozdopolj/Documents/TOB/echidna-auto-poc/test/lib/forge-std/src/console2.sol
DA:9,0
end_of_record

SF:/Users/elvisskozdopolj/Documents/TOB/echidna-auto-poc/test/lib/forge-std/src/interfaces/IMulticall3.sol
end_of_record

SF:/Users/elvisskozdopolj/Documents/TOB/echidna-auto-poc/test/lib/forge-std/src/mocks/MockERC20.sol
DA:6,0
DA:19,0
DA:21,0
DA:23,0
DA:29,0
DA:31,0
DA:33,0
DA:43,0
DA:54,0
DA:55,0
DA:57,0
DA:58,0
DA:59,0
DA:61,0
DA:62,0
DA:64,0
DA:71,0
DA:72,0
DA:74,0
DA:76,0
DA:79,0
DA:80,0
DA:81,0
DA:83,0
DA:88,0
DA:89,0
DA:91,0
DA:93,0
DA:94,0
DA:96,0
DA:98,0
DA:105,0
DA:108,0
DA:109,0
DA:111,0
DA:112,0
DA:113,0
DA:115,0
DA:116,0
DA:117,0
DA:118,0
DA:121,0
DA:122,0
DA:123,0
DA:124,0
DA:135,0
DA:137,0
DA:139,0
DA:142,0
DA:143,0
DA:146,0
DA:147,0
DA:148,0
DA:149,0
DA:150,0
DA:151,0
DA:152,0
DA:153,0
DA:180,0
DA:181,0
DA:182,0
DA:186,0
DA:187,0
DA:188,0
DA:199,0
DA:202,0
DA:208,0
DA:209,0
DA:214,0
end_of_record

SF:/Users/elvisskozdopolj/Documents/TOB/echidna-auto-poc/test/lib/forge-std/src/mocks/MockERC721.sol
DA:6,0
DA:21,0
DA:23,0
DA:25,0
DA:35,0
DA:36,0
DA:39,0
DA:40,0
DA:42,0
DA:49,0
DA:51,0
DA:62,0
DA:63,0
DA:65,0
DA:66,0
DA:68,0
DA:75,0
DA:76,0
DA:78,0
DA:80,0
DA:82,0
DA:85,0
DA:86,0
DA:88,0
DA:91,0
DA:92,0
DA:94,0
DA:96,0
DA:97,0
DA:102,0
DA:104,0
DA:106,0
DA:108,0
DA:110,0
DA:113,0
DA:114,0
DA:116,0
DA:117,0
DA:118,0
DA:119,0
DA:124,0
DA:125,0
DA:127,0
DA:128,0
DA:129,0
DA:130,0
DA:139,0
DA:140,0
DA:141,0
DA:142,0
DA:212,0
DA:215,0
end_of_record

SF:/Users/elvisskozdopolj/Documents/TOB/echidna-auto-poc/test/lib/forge-std/src/safeconsole.sol
DA:6,0
end_of_record

SF:/Users/elvisskozdopolj/Documents/TOB/echidna-auto-poc/test/script/Counter.s.sol
DA:6,0
DA:7,0
DA:9,0
DA:10,0
end_of_record

SF:/Users/elvisskozdopolj/Documents/TOB/echidna-auto-poc/test/src/BasicTypes.sol
DA:7,0
DA:17,0
DA:18,0
DA:21,0
DA:22,0
DA:23,0
DA:30,0
DA:32,0
DA:33,0
DA:36,0
DA:37,0
DA:42,0
DA:43,0
DA:44,0
DA:51,0
DA:53,0
DA:54,0
DA:57,0
DA:58,0
DA:59,0
DA:63,0
DA:64,0
DA:65,0
DA:69,0
DA:70,0
DA:71,0
DA:79,0
DA:80,0
DA:81,0
DA:84,0
DA:85,0
DA:86,0
DA:94,0
DA:95,0
DA:96,0
DA:99,0
DA:100,0
DA:112,0
DA:113,0
DA:114,0
DA:117,0
DA:118,0
DA:123,0
DA:124,0
DA:125,0
DA:138,0
DA:139,0
DA:140,0
DA:141,0
DA:142,0
DA:143,0
DA:144,0
DA:147,0
DA:148,0
DA:149,0
end_of_record

SF:/Users/elvisskozdopolj/Documents/TOB/echidna-auto-poc/test/src/DynamicArrays.sol
DA:5,0
DA:12,0
DA:13,0
DA:14,0
DA:18,0
DA:19,0
DA:20,0
DA:21,0
DA:22,0
DA:35,0
DA:36,0
DA:37,0
DA:41,0
DA:42,0
DA:43,0
DA:44,0
DA:47,0
DA:57,0
DA:58,0
DA:59,0
DA:63,0
DA:64,0
DA:65,0
DA:66,0
DA:69,0
DA:70,0
DA:79,0
DA:80,0
DA:81,0
DA:85,0
DA:86,0
DA:88,0
DA:89,0
DA:90,0
DA:103,0
DA:104,0
DA:105,0
DA:109,0
DA:110,0
DA:111,0
DA:112,0
DA:113,0
DA:116,0
DA:117,0
DA:126,0
DA:127,0
DA:128,0
DA:132,0
DA:133,0
DA:134,0
DA:135,0
DA:136,0
end_of_record

SF:/Users/elvisskozdopolj/Documents/TOB/echidna-auto-poc/test/src/FixedArrays.sol
DA:5,0
DA:12,0
DA:13,0
DA:14,0
DA:18,0
DA:19,0
DA:20,0
DA:28,0
DA:29,0
DA:30,0
DA:34,0
DA:35,0
DA:36,0
DA:37,0
DA:48,0
DA:49,0
DA:50,0
DA:54,0
DA:55,0
DA:56,0
DA:57,0
DA:59,0
DA:60,0
DA:69,0
DA:70,0
DA:71,0
DA:75,0
DA:76,0
DA:78,0
DA:79,0
DA:80,0
DA:84,0
DA:85,0
DA:93,0
DA:94,0
DA:95,0
DA:99,0
DA:100,0
DA:101,0
DA:109,0
DA:110,0
DA:111,0
DA:115,0
DA:116,0
end_of_record

SF:/Users/elvisskozdopolj/Documents/TOB/echidna-auto-poc/test/src/MultiDimensionalDynamicArrays.sol
DA:5,89
DA:13,13
DA:14,11
DA:15,0
DA:19,5
DA:20,1
DA:21,11
DA:22,0
DA:23,0
DA:24,0
DA:29,6
DA:30,0
DA:39,11
DA:40,9
DA:41,0
DA:45,5
DA:46,1
DA:47,11
DA:48,0
DA:49,0
DA:52,6
DA:53,0
DA:62,11
DA:63,9
DA:64,0
DA:68,5
DA:69,1
DA:70,11
DA:71,0
DA:72,0
DA:75,5
DA:76,0
DA:85,11
DA:86,9
DA:87,0
DA:91,5
DA:92,2
DA:94,9
DA:95,0
DA:96,0
DA:97,0
DA:102,7
DA:103,3
DA:112,11
DA:113,9
DA:114,0
DA:118,9
DA:119,1
DA:120,11
DA:121,0
DA:122,0
DA:123,0
DA:127,5
DA:128,1
DA:137,11
DA:138,9
DA:139,0
DA:143,5
DA:144,1
DA:145,11
DA:146,0
DA:147,0
DA:148,0
DA:153,5
DA:154,0
end_of_record

SF:/Users/elvisskozdopolj/Documents/TOB/echidna-auto-poc/test/src/MultiDimensionalFixedArrays.sol
DA:5,0
DA:13,0
DA:14,0
DA:15,0
DA:19,0
DA:20,0
DA:21,0
DA:22,0
DA:23,0
DA:24,0
DA:29,0
DA:30,0
DA:39,0
DA:40,0
DA:41,0
DA:45,0
DA:46,0
DA:47,0
DA:48,0
DA:49,0
DA:52,0
DA:53,0
DA:62,0
DA:63,0
DA:64,0
DA:68,0
DA:69,0
DA:70,0
DA:71,0
DA:72,0
DA:75,0
DA:76,0
DA:85,0
DA:86,0
DA:87,0
DA:91,0
DA:92,0
DA:94,0
DA:95,0
DA:96,0
DA:97,0
DA:102,0
DA:103,0
DA:112,0
DA:113,0
DA:114,0
DA:118,0
DA:119,0
DA:120,0
DA:121,0
DA:122,0
DA:123,0
DA:127,0
DA:128,0
DA:137,0
DA:138,0
DA:139,0
DA:143,0
DA:144,0
DA:145,0
DA:146,0
DA:147,0
DA:148,0
DA:153,0
DA:154,0
end_of_record

SF:/Users/elvisskozdopolj/Documents/TOB/echidna-auto-poc/test/src/TimeAdvancement.sol
DA:4,0
DA:14,0
DA:15,0
DA:16,0
DA:19,0
DA:20,0
DA:21,0
DA:28,0
DA:29,0
DA:30,0
DA:33,0
DA:34,0
DA:35,0
DA:43,0
DA:44,0
DA:45,0
end_of_record

SF:/Users/elvisskozdopolj/Documents/TOB/echidna-auto-poc/test/src/TupleTypes.sol
DA:5,0
DA:14,0
DA:15,0
DA:18,0
DA:22,0
DA:23,0
DA:24,0
DA:25,0
end_of_record

SF:/Users/elvisskozdopolj/Documents/TOB/echidna-auto-poc/test/test/BasicTypesTest.t.sol
DA:7,0
DA:10,0
DA:11,0
DA:14,0
DA:16,0
DA:17,0
DA:19,0
DA:20,0
DA:23,0
DA:25,0
DA:26,0
DA:32,0
DA:34,0
DA:35,0
DA:37,0
DA:38,0
DA:41,0
DA:43,0
DA:44,0
DA:46,0
DA:47,0
DA:50,0
DA:52,0
DA:53,0
DA:55,0
DA:56,0
DA:59,0
DA:61,0
DA:62,0
DA:64,0
DA:65,0
DA:68,0
DA:70,0
DA:71,0
DA:73,0
DA:74,0
DA:77,0
DA:79,0
DA:80,0
DA:82,0
DA:83,0
DA:86,0
DA:88,0
DA:89,0
DA:91,0
DA:92,0
DA:95,0
DA:97,0
DA:98,0
DA:100,0
DA:101,0
DA:104,0
DA:106,0
DA:107,0
DA:109,0
DA:110,0
end_of_record

SF:/Users/elvisskozdopolj/Documents/TOB/echidna-auto-poc/test/test/DynamicArraysTest.t.sol
DA:7,0
DA:10,0
DA:11,0
DA:14,0
DA:15,0
DA:16,0
DA:17,0
DA:18,0
DA:19,0
DA:22,0
DA:23,0
DA:25,0
DA:26,0
DA:29,0
DA:30,0
DA:31,0
DA:32,0
DA:33,0
DA:34,0
DA:35,0
DA:36,0
DA:37,0
DA:38,0
DA:41,0
DA:42,0
DA:44,0
DA:45,0
DA:48,0
DA:49,0
DA:50,0
DA:51,0
DA:52,0
DA:53,0
DA:54,0
DA:55,0
DA:58,0
DA:59,0
DA:61,0
DA:62,0
DA:65,0
DA:66,0
DA:67,0
DA:70,0
DA:71,0
DA:73,0
DA:74,0
DA:77,0
DA:78,0
DA:79,0
DA:80,0
DA:81,0
DA:82,0
DA:85,0
DA:86,0
DA:88,0
DA:89,0
end_of_record

SF:/Users/elvisskozdopolj/Documents/TOB/echidna-auto-poc/test/test/FixedArraysTest.t.sol
DA:7,0
DA:10,0
DA:11,0
DA:14,0
DA:15,0
DA:16,0
DA:17,0
DA:18,0
DA:21,0
DA:22,0
DA:23,0
DA:24,0
DA:25,0
DA:28,0
DA:29,0
DA:30,0
DA:31,0
DA:32,0
DA:35,0
DA:36,0
DA:37,0
DA:38,0
DA:39,0
DA:42,0
DA:43,0
DA:44,0
DA:45,0
DA:46,0
DA:49,0
DA:50,0
DA:51,0
DA:52,0
DA:53,0
end_of_record

SF:/Users/elvisskozdopolj/Documents/TOB/echidna-auto-poc/test/test/MultiDimensionalFixedArraysTest.t.sol
DA:7,0
DA:10,0
DA:11,0
DA:14,0
DA:16,0
DA:17,0
DA:19,0
DA:20,0
DA:23,0
DA:25,0
DA:26,0
DA:28,0
DA:29,0
DA:32,0
DA:34,0
DA:35,0
DA:37,0
DA:38,0
end_of_record

SF:/Users/elvisskozdopolj/Documents/TOB/echidna-auto-poc/test/test/Tuple.t.sol
DA:7,0
DA:10,0
DA:11,0
DA:13,0
DA:14,0
DA:15,0
end_of_record

